[2013-02-23 11:00:35] request.ERROR: Symfony\Component\HttpKernel\Exception\NotFoundHttpException: No route found for "GET /" (uncaught exception) at /Applications/MAMP/htdocs/portfoliov4/vendor/symfony/symfony/src/Symfony/Component/HttpKernel/EventListener/RouterListener.php line 92 [] []
[2013-02-23 11:56:51] request.ERROR: Symfony\Component\HttpKernel\Exception\NotFoundHttpException: No route found for "GET /images/logo.png" (uncaught exception) at /Applications/MAMP/htdocs/portfoliov4/app/cache/prod/classes.php line 5219 [] []
[2013-02-23 11:57:17] request.ERROR: Symfony\Component\HttpKernel\Exception\NotFoundHttpException: No route found for "GET /images/logo.png" (uncaught exception) at /Applications/MAMP/htdocs/portfoliov4/app/cache/prod/classes.php line 5219 [] []
[2013-02-23 11:57:31] request.ERROR: Symfony\Component\HttpKernel\Exception\NotFoundHttpException: No route found for "GET /images/logo.png" (uncaught exception) at /Applications/MAMP/htdocs/portfoliov4/app/cache/prod/classes.php line 5219 [] []
[2013-02-23 11:58:26] request.ERROR: Symfony\Component\HttpKernel\Exception\NotFoundHttpException: No route found for "GET /images/logo.png" (uncaught exception) at /Applications/MAMP/htdocs/portfoliov4/app/cache/prod/classes.php line 5219 [] []
[2013-02-23 11:58:31] request.ERROR: Symfony\Component\HttpKernel\Exception\NotFoundHttpException: No route found for "GET /images/logo.png" (uncaught exception) at /Applications/MAMP/htdocs/portfoliov4/app/cache/prod/classes.php line 5219 [] []
[2013-02-23 12:03:26] request.ERROR: Symfony\Component\HttpKernel\Exception\NotFoundHttpException: No route found for "GET /images/logo.png" (uncaught exception) at /Applications/MAMP/htdocs/portfoliov4/app/cache/prod/classes.php line 5219 [] []
[2013-02-23 12:03:29] request.ERROR: Symfony\Component\HttpKernel\Exception\NotFoundHttpException: No route found for "GET /images/logo.png" (uncaught exception) at /Applications/MAMP/htdocs/portfoliov4/app/cache/prod/classes.php line 5219 [] []
[2013-02-23 12:04:16] request.ERROR: Symfony\Component\HttpKernel\Exception\NotFoundHttpException: No route found for "GET /images/logo.png" (uncaught exception) at /Applications/MAMP/htdocs/portfoliov4/app/cache/prod/classes.php line 5219 [] []
[2013-02-23 12:07:17] request.ERROR: Symfony\Component\HttpKernel\Exception\NotFoundHttpException: No route found for "GET /images/logo.png" (uncaught exception) at /Applications/MAMP/htdocs/portfoliov4/app/cache/prod/classes.php line 5219 [] []
[2013-02-23 12:08:00] request.ERROR: Symfony\Component\HttpKernel\Exception\NotFoundHttpException: No route found for "GET /images/logo.png" (uncaught exception) at /Applications/MAMP/htdocs/portfoliov4/app/cache/prod/classes.php line 5219 [] []
[2013-02-23 12:08:55] request.ERROR: Symfony\Component\HttpKernel\Exception\NotFoundHttpException: No route found for "GET /images/logo.png" (uncaught exception) at /Applications/MAMP/htdocs/portfoliov4/app/cache/prod/classes.php line 5219 [] []
[2013-02-23 12:10:01] request.ERROR: Symfony\Component\HttpKernel\Exception\NotFoundHttpException: No route found for "GET /images/logo.png" (uncaught exception) at /Applications/MAMP/htdocs/portfoliov4/app/cache/prod/classes.php line 5219 [] []
[2013-02-23 12:11:49] request.ERROR: Symfony\Component\HttpKernel\Exception\NotFoundHttpException: No route found for "GET /images/logo.png" (uncaught exception) at /Applications/MAMP/htdocs/portfoliov4/app/cache/prod/classes.php line 5219 [] []
[2013-02-23 12:11:57] request.ERROR: Symfony\Component\HttpKernel\Exception\NotFoundHttpException: No route found for "GET /images/logo.png" (uncaught exception) at /Applications/MAMP/htdocs/portfoliov4/app/cache/prod/classes.php line 5219 [] []
[2013-02-23 12:12:02] request.ERROR: Symfony\Component\HttpKernel\Exception\NotFoundHttpException: No route found for "GET /images/logo.png" (uncaught exception) at /Applications/MAMP/htdocs/portfoliov4/app/cache/prod/classes.php line 5219 [] []
[2013-02-23 12:12:26] request.ERROR: Symfony\Component\HttpKernel\Exception\NotFoundHttpException: No route found for "GET /images/logo.png" (uncaught exception) at /Applications/MAMP/htdocs/portfoliov4/app/cache/prod/classes.php line 5219 [] []
[2013-02-23 12:12:28] request.ERROR: Symfony\Component\HttpKernel\Exception\NotFoundHttpException: No route found for "GET /images/logo.png" (uncaught exception) at /Applications/MAMP/htdocs/portfoliov4/app/cache/prod/classes.php line 5219 [] []
[2013-02-23 12:12:30] request.ERROR: Symfony\Component\HttpKernel\Exception\NotFoundHttpException: No route found for "GET /images/logo.png" (uncaught exception) at /Applications/MAMP/htdocs/portfoliov4/app/cache/prod/classes.php line 5219 [] []
[2013-02-23 12:12:47] request.ERROR: Symfony\Component\HttpKernel\Exception\NotFoundHttpException: No route found for "GET /images/logo.png" (uncaught exception) at /Applications/MAMP/htdocs/portfoliov4/app/cache/prod/classes.php line 5219 [] []
[2013-02-23 12:47:02] request.ERROR: Symfony\Component\HttpKernel\Exception\NotFoundHttpException: No route found for "GET /web/bundles/portfolio/js/modernizr.js" (uncaught exception) at /Applications/MAMP/htdocs/portfoliov4/app/cache/prod/classes.php line 5219 [] []
[2013-02-23 13:08:00] request.ERROR: Symfony\Component\HttpKernel\Exception\NotFoundHttpException: No route found for "GET /portfolio.html" (uncaught exception) at /Applications/MAMP/htdocs/portfoliov4/app/cache/prod/classes.php line 5219 [] []
[2013-02-23 13:08:15] request.ERROR: Symfony\Component\HttpKernel\Exception\NotFoundHttpException: No route found for "GET /portfolio.html" (uncaught exception) at /Applications/MAMP/htdocs/portfoliov4/app/cache/prod/classes.php line 5219 [] []
[2013-02-23 13:08:17] request.ERROR: Symfony\Component\HttpKernel\Exception\NotFoundHttpException: No route found for "GET /portfolio.html" (uncaught exception) at /Applications/MAMP/htdocs/portfoliov4/app/cache/prod/classes.php line 5219 [] []
[2013-02-23 13:08:20] request.ERROR: Symfony\Component\HttpKernel\Exception\NotFoundHttpException: No route found for "GET /portfolio.html.twig" (uncaught exception) at /Applications/MAMP/htdocs/portfoliov4/app/cache/prod/classes.php line 5219 [] []
[2013-02-23 13:08:44] request.ERROR: Symfony\Component\HttpKernel\Exception\NotFoundHttpException: No route found for "GET /portfolio" (uncaught exception) at /Applications/MAMP/htdocs/portfoliov4/app/cache/prod/classes.php line 5219 [] []
[2013-02-23 13:09:04] request.ERROR: Symfony\Component\HttpKernel\Exception\NotFoundHttpException: No route found for "GET /portfolio" (uncaught exception) at /Applications/MAMP/htdocs/portfoliov4/app/cache/prod/classes.php line 5219 [] []
[2013-02-23 14:26:37] request.ERROR: Symfony\Component\HttpKernel\Exception\NotFoundHttpException: No route found for "GET /" (uncaught exception) at /Applications/MAMP/htdocs/portfoliov4/app/cache/prod/classes.php line 5219 [] []
